TN:
SF:src\App.jsx
FN:32,App
FNF:1
FNH:1
FNDA:1,App
DA:8,3
DA:33,1
LF:2
LH:2
BRF:0
BRH:0
end_of_record
TN:
SF:src\index.js
FNF:0
FNH:0
DA:5,0
DA:6,0
LF:2
LH:0
BRF:0
BRH:0
end_of_record
TN:
SF:src\components\FirstTest.jsx
FN:2,FirstTest
FNF:1
FNH:1
FNDA:2,FirstTest
DA:3,2
LF:1
LH:1
BRF:0
BRH:0
end_of_record
TN:
SF:src\components\Login.jsx
FN:5,LoginPage
FN:10,(anonymous_1)
FN:34,(anonymous_2)
FN:38,(anonymous_3)
FN:52,(anonymous_4)
FN:53,(anonymous_5)
FN:68,(anonymous_6)
FN:83,(anonymous_7)
FN:98,(anonymous_8)
FNF:9
FNH:0
FNDA:0,LoginPage
FNDA:0,(anonymous_1)
FNDA:0,(anonymous_2)
FNDA:0,(anonymous_3)
FNDA:0,(anonymous_4)
FNDA:0,(anonymous_5)
FNDA:0,(anonymous_6)
FNDA:0,(anonymous_7)
FNDA:0,(anonymous_8)
DA:6,0
DA:7,0
DA:8,0
DA:9,0
DA:10,0
DA:11,0
DA:12,0
DA:13,0
DA:15,0
DA:16,0
DA:17,0
DA:18,0
DA:19,0
DA:20,0
DA:28,0
DA:34,0
DA:38,0
DA:52,0
DA:53,0
DA:54,0
DA:56,0
DA:57,0
DA:58,0
DA:60,0
DA:62,0
DA:63,0
DA:65,0
DA:68,0
DA:69,0
DA:71,0
DA:72,0
DA:73,0
DA:75,0
DA:77,0
DA:78,0
DA:80,0
DA:83,0
DA:84,0
DA:86,0
DA:87,0
DA:88,0
DA:90,0
DA:92,0
DA:93,0
DA:95,0
DA:98,0
DA:99,0
DA:101,0
DA:102,0
DA:103,0
DA:105,0
DA:107,0
DA:108,0
DA:110,0
LF:54
LH:0
BRDA:12,0,0,0
BRDA:12,0,1,0
BRDA:12,1,0,0
BRDA:12,1,1,0
BRDA:15,2,0,0
BRDA:15,2,1,0
BRDA:15,3,0,0
BRDA:15,3,1,0
BRDA:30,4,0,0
BRDA:30,4,1,0
BRF:10
BRH:0
end_of_record
TN:
SF:src\components\TestWithMockData.jsx
FN:6,(anonymous_0)
FN:10,(anonymous_1)
FNF:2
FNH:2
FNDA:2,(anonymous_0)
FNDA:6,(anonymous_1)
DA:6,3
DA:7,2
DA:11,6
LF:3
LH:3
BRF:0
BRH:0
end_of_record
TN:
SF:src\components\TestWithMockDataWithBranching.jsx
FN:3,(anonymous_0)
FN:12,(anonymous_1)
FN:17,(anonymous_2)
FN:30,(anonymous_3)
FNF:4
FNH:4
FNDA:2,(anonymous_0)
FNDA:3,(anonymous_1)
FNDA:1,(anonymous_2)
FNDA:3,(anonymous_3)
DA:3,3
DA:8,2
DA:13,3
DA:18,1
DA:19,1
DA:31,3
LF:6
LH:6
BRDA:10,0,0,1
BRDA:10,0,1,1
BRDA:24,1,0,1
BRDA:24,1,1,2
BRF:4
BRH:4
end_of_record
TN:
SF:src\components\TestingAPICalls.jsx
FN:4,(anonymous_0)
FN:6,(anonymous_1)
FN:7,(anonymous_2)
FN:15,(anonymous_3)
FNF:4
FNH:3
FNDA:2,(anonymous_0)
FNDA:2,(anonymous_1)
FNDA:1,(anonymous_2)
FNDA:0,(anonymous_3)
DA:4,4
DA:5,2
DA:6,2
DA:7,2
DA:8,1
DA:12,2
DA:16,0
LF:7
LH:6
BRF:0
BRH:0
end_of_record
TN:
SF:src\components\TestingStateChange.jsx
FN:18,(anonymous_0)
FN:25,(anonymous_1)
FN:37,(anonymous_2)
FN:44,(anonymous_3)
FN:49,(anonymous_4)
FN:54,(anonymous_5)
FN:61,(anonymous_6)
FN:62,(anonymous_7)
FNF:8
FNH:8
FNDA:16,(anonymous_0)
FNDA:6,(anonymous_1)
FNDA:1,(anonymous_2)
FNDA:1,(anonymous_3)
FNDA:48,(anonymous_4)
FNDA:1,(anonymous_5)
FNDA:1,(anonymous_6)
FNDA:3,(anonymous_7)
DA:3,4
DA:18,4
DA:19,16
DA:20,16
DA:21,16
DA:23,16
DA:25,16
DA:26,6
DA:29,16
DA:38,1
DA:44,1
DA:50,48
DA:55,1
DA:62,3
LF:14
LH:14
BRDA:32,0,0,16
BRDA:32,0,1,10
BRDA:33,1,0,16
BRDA:33,1,1,1
BRF:4
BRH:4
end_of_record
TN:
SF:src\components\loginForm.jsx
FN:3,(anonymous_0)
FN:9,(anonymous_1)
FN:16,(anonymous_2)
FN:20,(anonymous_3)
FNF:4
FNH:4
FNDA:125,(anonymous_0)
FNDA:59,(anonymous_1)
FNDA:1,(anonymous_2)
FNDA:66,(anonymous_3)
DA:3,4
DA:4,125
DA:8,125
DA:9,125
DA:10,59
DA:16,125
DA:17,1
DA:18,1
DA:20,125
DA:21,66
DA:22,16
DA:25,50
DA:29,125
LF:13
LH:13
BRDA:21,0,0,16
BRDA:21,0,1,50
BRDA:21,1,0,66
BRDA:21,1,1,51
BRF:4
BRH:4
end_of_record
TN:
SF:src\utils\services.js
FN:1,(anonymous_0)
FN:3,(anonymous_1)
FNF:2
FNH:1
FNDA:1,(anonymous_0)
FNDA:0,(anonymous_1)
DA:1,4
DA:2,1
DA:4,0
LF:3
LH:2
BRF:0
BRH:0
end_of_record
